<?xml version="1.0" encoding="UTF-8"?>
<!-- Generated by org.testng.reporters.JUnitReportReporter -->
<testsuite hostname="DESKTOP-AAVBARM" failures="0" tests="1" name="SSquareIT.seleniumframework.E2ETest" time="23.357" errors="0" timestamp="2024-07-11T19:21:19 IST" skipped="0">
  <testcase classname="SSquareIT.seleniumframework.E2ETest" name="endtoendtest" time="23.357"/>
  <system-out/>
</testsuite> <!-- SSquareIT.seleniumframework.E2ETest -->
